"../../../Engine/Content/EditorResources/S_Actor.ubulk" 0
"../../../Engine/Content/EditorResources/S_Actor.uasset" 1
"../../../Engine/Content/EditorResources/S_Actor.uexp" 2
"../../../Engine/Content/EditorResources/S_BoxReflectionCapture.uasset" 3
"../../../Engine/Content/EditorResources/S_BoxReflectionCapture.uexp" 4
"../../../Engine/Content/EngineResources/DefaultTexture.ubulk" 5
"../../../Engine/Content/EngineResources/DefaultTexture.uasset" 6
"../../../Engine/Content/EngineResources/DefaultTexture.uexp" 7
"../../../Engine/Content/EngineResources/DefaultTextureCube.uasset" 8
"../../../Engine/Content/EngineResources/DefaultTextureCube.uexp" 9
"../../../Engine/Content/EngineResources/DefaultVolumeTexture2D.uasset" 10
"../../../Engine/Content/EngineResources/DefaultVolumeTexture2D.uexp" 11
"../../../Engine/Content/EngineResources/DefaultVolumeTexture.uasset" 12
"../../../Engine/Content/EngineResources/DefaultVolumeTexture.uexp" 13
"../../../Engine/Content/EditorResources/S_Trigger.ubulk" 14
"../../../Engine/Content/EditorResources/S_Trigger.uasset" 15
"../../../Engine/Content/EditorResources/S_Trigger.uexp" 16
"../../../Engine/Content/EditorResources/S_TriggerBox.uasset" 17
"../../../Engine/Content/EditorResources/S_TriggerBox.uexp" 18
"../../../Engine/Content/EditorResources/S_TriggerCapsule.uasset" 19
"../../../Engine/Content/EditorResources/S_TriggerCapsule.uexp" 20
"../../../Engine/Content/EditorResources/S_TriggerSphere.uasset" 21
"../../../Engine/Content/EditorResources/S_TriggerSphere.uexp" 22
"../../../Engine/Content/EngineMeshes/Sphere.ubulk" 23
"../../../Engine/Content/EngineMeshes/Sphere.uasset" 24
"../../../Engine/Content/EngineMeshes/Sphere.uexp" 25
"../../../Engine/Content/EngineResources/GradientTexture0.uasset" 26
"../../../Engine/Content/EngineResources/GradientTexture0.uexp" 27
"../../../Engine/Content/EngineResources/Black.uasset" 28
"../../../Engine/Content/EngineResources/Black.uexp" 29
"../../../Engine/Content/VREditor/LaserPointer/VR_LaserPower_01.ubulk" 30
"../../../Engine/Content/VREditor/LaserPointer/VR_LaserPower_01.uasset" 31
"../../../Engine/Content/VREditor/LaserPointer/VR_LaserPower_01.uexp" 32
"../../../Engine/Content/VREditor/TransformGizmo/TransformGizmoMaterial.uasset" 33
"../../../Engine/Content/VREditor/TransformGizmo/TransformGizmoMaterial.uexp" 34
"../../../Engine/Content/VREditor/TransformGizmo/TranslucentTransformGizmoMaterial.uasset" 35
"../../../Engine/Content/VREditor/TransformGizmo/TranslucentTransformGizmoMaterial.uexp" 36
"../../../Engine/Content/VREditor/TransformGizmo/PlaneTranslationHandle.ubulk" 37
"../../../Engine/Content/VREditor/TransformGizmo/PlaneTranslationHandle.uasset" 38
"../../../Engine/Content/VREditor/TransformGizmo/PlaneTranslationHandle.uexp" 39
"../../../Engine/Content/VREditor/TransformGizmo/BoundingBoxCorner.ubulk" 40
"../../../Engine/Content/VREditor/TransformGizmo/BoundingBoxCorner.uasset" 41
"../../../Engine/Content/VREditor/TransformGizmo/BoundingBoxCorner.uexp" 42
"../../../Engine/Content/VREditor/TransformGizmo/BoundingBoxEdge.ubulk" 43
"../../../Engine/Content/VREditor/TransformGizmo/BoundingBoxEdge.uasset" 44
"../../../Engine/Content/VREditor/TransformGizmo/BoundingBoxEdge.uexp" 45
"../../../Engine/Content/VREditor/TransformGizmo/Main.uasset" 46
"../../../Engine/Content/VREditor/TransformGizmo/Main.uexp" 47
"../../../Engine/Content/VREditor/TransformGizmo/Xray.uasset" 48
"../../../Engine/Content/VREditor/TransformGizmo/Xray.uexp" 49
"../../../Engine/Content/VREditor/TransformGizmo/SM_Sequencer_Node.ubulk" 50
"../../../Engine/Content/VREditor/TransformGizmo/SM_Sequencer_Node.uasset" 51
"../../../Engine/Content/VREditor/TransformGizmo/SM_Sequencer_Node.uexp" 52
"../../../Engine/Content/EditorMaterials/Camera/CineMat.uasset" 53
"../../../Engine/Content/EditorMaterials/Camera/CineMat.uexp" 54
"../../../Engine/Content/EditorMaterials/Camera/MI_CineMat_Rig.uasset" 55
"../../../Engine/Content/EditorMaterials/Camera/MI_CineMat_Rig.uexp" 56
"../../../Engine/Content/EditorMeshes/Camera/SM_CraneRig_Base.ubulk" 57
"../../../Engine/Content/EditorMeshes/Camera/SM_CraneRig_Base.uasset" 58
"../../../Engine/Content/EditorMeshes/Camera/SM_CraneRig_Base.uexp" 59
"../../../Engine/Content/EditorMeshes/Camera/SM_CraneRig_Arm.ubulk" 60
"../../../Engine/Content/EditorMeshes/Camera/SM_CraneRig_Arm.uasset" 61
"../../../Engine/Content/EditorMeshes/Camera/SM_CraneRig_Arm.uexp" 62
"../../../Engine/Content/EditorMeshes/Camera/SM_CraneRig_Mount.ubulk" 63
"../../../Engine/Content/EditorMeshes/Camera/SM_CraneRig_Mount.uasset" 64
"../../../Engine/Content/EditorMeshes/Camera/SM_CraneRig_Mount.uexp" 65
"../../../Engine/Content/EditorMeshes/Camera/SM_CraneRig_Body.ubulk" 66
"../../../Engine/Content/EditorMeshes/Camera/SM_CraneRig_Body.uasset" 67
"../../../Engine/Content/EditorMeshes/Camera/SM_CraneRig_Body.uexp" 68
"../../../Engine/Content/EditorMeshes/Camera/SM_RailRig_Track.ubulk" 69
"../../../Engine/Content/EditorMeshes/Camera/SM_RailRig_Track.uasset" 70
"../../../Engine/Content/EditorMeshes/Camera/SM_RailRig_Track.uexp" 71
"../../../Engine/Content/EditorMeshes/Camera/SM_RailRig_Mount.ubulk" 72
"../../../Engine/Content/EditorMeshes/Camera/SM_RailRig_Mount.uasset" 73
"../../../Engine/Content/EditorMeshes/Camera/SM_RailRig_Mount.uexp" 74
"../../../Engine/Content/EngineMaterials/T_Default_Material_Grid_M.ubulk" 75
"../../../Engine/Content/EngineMaterials/T_Default_Material_Grid_M.uasset" 76
"../../../Engine/Content/EngineMaterials/T_Default_Material_Grid_M.uexp" 77
"../../../Engine/Content/EngineMaterials/T_Default_Material_Grid_N.ubulk" 78
"../../../Engine/Content/EngineMaterials/T_Default_Material_Grid_N.uasset" 79
"../../../Engine/Content/EngineMaterials/T_Default_Material_Grid_N.uexp" 80
"../../../Engine/Content/Functions/Engine_MaterialFunctions01/Opacity/CameraDepthFade.uasset" 81
"../../../Engine/Content/Functions/Engine_MaterialFunctions01/Opacity/CameraDepthFade.uexp" 82
"../../../Engine/Content/EngineMaterials/WorldGridMaterial.uasset" 83
"../../../Engine/Content/EngineMaterials/WorldGridMaterial.uexp" 84
"../../../Engine/Content/ArtTools/RenderToTexture/Meshes/S_1_Unit_Plane.ubulk" 85
"../../../Engine/Content/ArtTools/RenderToTexture/Meshes/S_1_Unit_Plane.uasset" 86
"../../../Engine/Content/ArtTools/RenderToTexture/Meshes/S_1_Unit_Plane.uexp" 87
"../../../Engine/Content/EditorMaterials/ParticleSystems/PSysThumbnail_NoImage.ubulk" 88
"../../../Engine/Content/EditorMaterials/ParticleSystems/PSysThumbnail_NoImage.uasset" 89
"../../../Engine/Content/EditorMaterials/ParticleSystems/PSysThumbnail_NoImage.uexp" 90
"../../../Engine/Content/EditorMaterials/ParticleSystems/PSysThumbnail_OOD.ubulk" 91
"../../../Engine/Content/EditorMaterials/ParticleSystems/PSysThumbnail_OOD.uasset" 92
"../../../Engine/Content/EditorMaterials/ParticleSystems/PSysThumbnail_OOD.uexp" 93
"../../../Engine/Content/EditorLandscapeResources/SplineEditorMeshMat.uasset" 94
"../../../Engine/Content/EditorLandscapeResources/SplineEditorMeshMat.uexp" 95
"../../../Engine/Content/EditorLandscapeResources/SplineEditorMesh.ubulk" 96
"../../../Engine/Content/EditorLandscapeResources/SplineEditorMesh.uasset" 97
"../../../Engine/Content/EditorLandscapeResources/SplineEditorMesh.uexp" 98
"../../../Engine/Content/EditorResources/S_Solver.ubulk" 99
"../../../Engine/Content/EditorResources/S_Solver.uasset" 100
"../../../Engine/Content/EditorResources/S_Solver.uexp" 101
"../../../Engine/Plugins/Media/MediaPlate/Content/SM_MediaPlateScreen.ubulk" 102
"../../../Engine/Plugins/Media/MediaPlate/Content/SM_MediaPlateScreen.uasset" 103
"../../../Engine/Plugins/Media/MediaPlate/Content/SM_MediaPlateScreen.uexp" 104
"../../../Engine/Content/EngineMaterials/Good64x64TilingNoiseHighFreq.uasset" 105
"../../../Engine/Content/EngineMaterials/Good64x64TilingNoiseHighFreq.uexp" 106
"../../../Engine/Content/EngineMaterials/DefaultBokeh.uasset" 107
"../../../Engine/Content/EngineMaterials/DefaultBokeh.uexp" 108
"../../../Engine/Content/EngineMaterials/PreintegratedSkinBRDF.uasset" 109
"../../../Engine/Content/EngineMaterials/PreintegratedSkinBRDF.uexp" 110
"../../../Engine/Content/EngineMaterials/MiniFont.uasset" 111
"../../../Engine/Content/EngineMaterials/MiniFont.uexp" 112
"../../../Engine/Content/EngineMaterials/WeightMapPlaceholderTexture.uasset" 113
"../../../Engine/Content/EngineMaterials/WeightMapPlaceholderTexture.uexp" 114
"../../../Engine/Content/EngineMaterials/DefaultWhiteGrid.ubulk" 115
"../../../Engine/Content/EngineMaterials/DefaultWhiteGrid.uasset" 116
"../../../Engine/Content/EngineMaterials/DefaultWhiteGrid.uexp" 117
"../../../Engine/Plugins/2D/Paper2D/Content/PlaceholderTextures/DummySpriteTexture.ubulk" 118
"../../../Engine/Plugins/2D/Paper2D/Content/PlaceholderTextures/DummySpriteTexture.uasset" 119
"../../../Engine/Plugins/2D/Paper2D/Content/PlaceholderTextures/DummySpriteTexture.uexp" 120
"../../../Engine/Plugins/2D/Paper2D/Content/DefaultSpriteMaterial.uasset" 121
"../../../Engine/Plugins/2D/Paper2D/Content/DefaultSpriteMaterial.uexp" 122
"../../../Engine/Plugins/2D/Paper2D/Content/OpaqueUnlitSpriteMaterial.uasset" 123
"../../../Engine/Plugins/2D/Paper2D/Content/OpaqueUnlitSpriteMaterial.uexp" 124
"../../../Engine/Plugins/2D/Paper2D/Content/MaskedUnlitSpriteMaterial.uasset" 125
"../../../Engine/Plugins/2D/Paper2D/Content/MaskedUnlitSpriteMaterial.uexp" 126
"../../../Engine/Plugins/2D/Paper2D/Content/DummySprite.uasset" 127
"../../../Engine/Plugins/2D/Paper2D/Content/DummySprite.uexp" 128
"../../../Engine/Plugins/2D/Paper2D/Content/DefaultPaperTerrainMaterial.uasset" 129
"../../../Engine/Plugins/2D/Paper2D/Content/DefaultPaperTerrainMaterial.uexp" 130
"../../../Engine/Content/Functions/Engine_MaterialFunctions02/WorldPositionOffset/CameraOffset.uasset" 131
"../../../Engine/Content/Functions/Engine_MaterialFunctions02/WorldPositionOffset/CameraOffset.uexp" 132
"../../../Engine/Plugins/Animation/ControlRig/Content/M_Manip.uasset" 133
"../../../Engine/Plugins/Animation/ControlRig/Content/M_Manip.uexp" 134
"../../../Engine/Content/EngineMaterials/DefaultMaterial.uasset" 135
"../../../Engine/Content/EngineMaterials/DefaultMaterial.uexp" 136
"../../../Engine/Content/BasicShapes/Sphere.ubulk" 137
"../../../Engine/Content/BasicShapes/Sphere.uasset" 138
"../../../Engine/Content/BasicShapes/Sphere.uexp" 139
"../../../Engine/Content/BasicShapes/Plane.ubulk" 140
"../../../Engine/Content/BasicShapes/Plane.uasset" 141
"../../../Engine/Content/BasicShapes/Plane.uexp" 142
"../../../Engine/Content/BasicShapes/Cylinder.ubulk" 143
"../../../Engine/Content/BasicShapes/Cylinder.uasset" 144
"../../../Engine/Content/BasicShapes/Cylinder.uexp" 145
"../../../Engine/Content/EngineFonts/Faces/RobotoLight.uexp" 146
"../../../Engine/Content/EngineFonts/Faces/RobotoLight.uasset" 147
"../../../Engine/Content/EngineFonts/Faces/RobotoLight.ufont" 148
"../../../Engine/Content/EngineFonts/Faces/RobotoBold.uexp" 149
"../../../Engine/Content/EngineFonts/Faces/RobotoBold.uasset" 150
"../../../Engine/Content/EngineFonts/Faces/RobotoBold.ufont" 151
"../../../Engine/Content/EngineFonts/Faces/RobotoRegular.uexp" 152
"../../../Engine/Content/EngineFonts/Faces/RobotoRegular.uasset" 153
"../../../Engine/Content/EngineFonts/Faces/RobotoRegular.ufont" 154
"../../../Engine/Content/EngineFonts/Faces/DroidSansFallback.uexp" 155
"../../../Engine/Content/EngineFonts/Faces/DroidSansFallback.uasset" 156
"../../../Engine/Content/EngineFonts/Faces/DroidSansFallback.ufont" 157
"../../../Engine/Content/EngineFonts/Faces/RobotoItalic.uexp" 158
"../../../Engine/Content/EngineFonts/Faces/RobotoItalic.uasset" 159
"../../../Engine/Content/EngineFonts/Faces/RobotoItalic.ufont" 160
"../../../Engine/Content/EngineFonts/Faces/RobotoBoldItalic.uexp" 161
"../../../Engine/Content/EngineFonts/Faces/RobotoBoldItalic.uasset" 162
"../../../Engine/Content/EngineFonts/Faces/RobotoBoldItalic.ufont" 163
"../../../Engine/Content/EngineFonts/Roboto.uasset" 164
"../../../Engine/Content/EngineFonts/Roboto.uexp" 165
"../../../Engine/Plugins/Animation/ControlRig/Content/Controls/DefaultGizmoLibraryNormalized.uasset" 166
"../../../Engine/Plugins/Animation/ControlRig/Content/Controls/DefaultGizmoLibraryNormalized.uexp" 167
"../../../Engine/Plugins/Animation/ControlRig/Content/Controls/ControlRig_Wedge_solid.ubulk" 168
"../../../Engine/Plugins/Animation/ControlRig/Content/Controls/ControlRig_Wedge_solid.uasset" 169
"../../../Engine/Plugins/Animation/ControlRig/Content/Controls/ControlRig_Wedge_solid.uexp" 170
"../../../Engine/Plugins/Animation/ControlRig/Content/Controls/ControlRig_Wedge_3mm.ubulk" 171
"../../../Engine/Plugins/Animation/ControlRig/Content/Controls/ControlRig_Wedge_3mm.uasset" 172
"../../../Engine/Plugins/Animation/ControlRig/Content/Controls/ControlRig_Wedge_3mm.uexp" 173
"../../../Engine/Plugins/Animation/ControlRig/Content/Controls/ControlRig_Wedge_1mm.ubulk" 174
"../../../Engine/Plugins/Animation/ControlRig/Content/Controls/ControlRig_Wedge_1mm.uasset" 175
"../../../Engine/Plugins/Animation/ControlRig/Content/Controls/ControlRig_Wedge_1mm.uexp" 176
"../../../Engine/Plugins/Animation/ControlRig/Content/Controls/ControlRig_Triangle_solid.ubulk" 177
"../../../Engine/Plugins/Animation/ControlRig/Content/Controls/ControlRig_Triangle_solid.uasset" 178
"../../../Engine/Plugins/Animation/ControlRig/Content/Controls/ControlRig_Triangle_solid.uexp" 179
"../../../Engine/Plugins/Animation/ControlRig/Content/Controls/ControlRig_Triangle_3mm.ubulk" 180
"../../../Engine/Plugins/Animation/ControlRig/Content/Controls/ControlRig_Triangle_3mm.uasset" 181
"../../../Engine/Plugins/Animation/ControlRig/Content/Controls/ControlRig_Triangle_3mm.uexp" 182
"../../../Engine/Plugins/Animation/ControlRig/Content/Controls/ControlRig_Triangle_1mm.ubulk" 183
"../../../Engine/Plugins/Animation/ControlRig/Content/Controls/ControlRig_Triangle_1mm.uasset" 184
"../../../Engine/Plugins/Animation/ControlRig/Content/Controls/ControlRig_Triangle_1mm.uexp" 185
"../../../Engine/Plugins/Animation/ControlRig/Content/Controls/ControlRig_Star4_solid.ubulk" 186
"../../../Engine/Plugins/Animation/ControlRig/Content/Controls/ControlRig_Star4_solid.uasset" 187
"../../../Engine/Plugins/Animation/ControlRig/Content/Controls/ControlRig_Star4_solid.uexp" 188
"../../../Engine/Plugins/Animation/ControlRig/Content/Controls/ControlRig_Star4_3mm.ubulk" 189
"../../../Engine/Plugins/Animation/ControlRig/Content/Controls/ControlRig_Star4_3mm.uasset" 190
"../../../Engine/Plugins/Animation/ControlRig/Content/Controls/ControlRig_Star4_3mm.uexp" 191
"../../../Engine/Plugins/Animation/ControlRig/Content/Controls/ControlRig_Star4_1mm.ubulk" 192
"../../../Engine/Plugins/Animation/ControlRig/Content/Controls/ControlRig_Star4_1mm.uasset" 193
"../../../Engine/Plugins/Animation/ControlRig/Content/Controls/ControlRig_Star4_1mm.uexp" 194
"../../../Engine/Plugins/Animation/ControlRig/Content/Controls/ControlRig_Square_solid.ubulk" 195
"../../../Engine/Plugins/Animation/ControlRig/Content/Controls/ControlRig_Square_solid.uasset" 196
"../../../Engine/Plugins/Animation/ControlRig/Content/Controls/ControlRig_Square_solid.uexp" 197
"../../../Engine/Plugins/Animation/ControlRig/Content/Controls/ControlRig_Square_3mm.ubulk" 198
"../../../Engine/Plugins/Animation/ControlRig/Content/Controls/ControlRig_Square_3mm.uasset" 199
"../../../Engine/Plugins/Animation/ControlRig/Content/Controls/ControlRig_Square_3mm.uexp" 200
"../../../Engine/Plugins/Animation/ControlRig/Content/Controls/ControlRig_Square_1mm.ubulk" 201
"../../../Engine/Plugins/Animation/ControlRig/Content/Controls/ControlRig_Square_1mm.uasset" 202
"../../../Engine/Plugins/Animation/ControlRig/Content/Controls/ControlRig_Square_1mm.uexp" 203
"../../../Engine/Plugins/Animation/ControlRig/Content/Controls/ControlRig_Sphere_solid.ubulk" 204
"../../../Engine/Plugins/Animation/ControlRig/Content/Controls/ControlRig_Sphere_solid.uasset" 205
"../../../Engine/Plugins/Animation/ControlRig/Content/Controls/ControlRig_Sphere_solid.uexp" 206
"../../../Engine/Plugins/Animation/ControlRig/Content/Controls/ControlRig_Sphere_3mm.ubulk" 207
"../../../Engine/Plugins/Animation/ControlRig/Content/Controls/ControlRig_Sphere_3mm.uasset" 208
"../../../Engine/Plugins/Animation/ControlRig/Content/Controls/ControlRig_Sphere_3mm.uexp" 209
"../../../Engine/Plugins/Animation/ControlRig/Content/Controls/ControlRig_Sphere_1mm.ubulk" 210
"../../../Engine/Plugins/Animation/ControlRig/Content/Controls/ControlRig_Sphere_1mm.uasset" 211
"../../../Engine/Plugins/Animation/ControlRig/Content/Controls/ControlRig_Sphere_1mm.uexp" 212
"../../../Engine/Plugins/Animation/ControlRig/Content/Controls/ControlRig_RoundedTriangle_solid.ubulk" 213
"../../../Engine/Plugins/Animation/ControlRig/Content/Controls/ControlRig_RoundedTriangle_solid.uasset" 214
"../../../Engine/Plugins/Animation/ControlRig/Content/Controls/ControlRig_RoundedTriangle_solid.uexp" 215
"../../../Engine/Plugins/Animation/ControlRig/Content/Controls/ControlRig_RoundedTriangle_3mm.ubulk" 216
"../../../Engine/Plugins/Animation/ControlRig/Content/Controls/ControlRig_RoundedTriangle_3mm.uasset" 217
"../../../Engine/Plugins/Animation/ControlRig/Content/Controls/ControlRig_RoundedTriangle_3mm.uexp" 218
"../../../Engine/Plugins/Animation/ControlRig/Content/Controls/ControlRig_RoundedTriangle_1mm.ubulk" 219
"../../../Engine/Plugins/Animation/ControlRig/Content/Controls/ControlRig_RoundedTriangle_1mm.uasset" 220
"../../../Engine/Plugins/Animation/ControlRig/Content/Controls/ControlRig_RoundedTriangle_1mm.uexp" 221
"../../../Engine/Plugins/Animation/ControlRig/Content/Controls/ControlRig_RoundedSquare_solid.ubulk" 222
"../../../Engine/Plugins/Animation/ControlRig/Content/Controls/ControlRig_RoundedSquare_solid.uasset" 223
"../../../Engine/Plugins/Animation/ControlRig/Content/Controls/ControlRig_RoundedSquare_solid.uexp" 224
"../../../Engine/Plugins/Animation/ControlRig/Content/Controls/ControlRig_RoundedSquare_3mm.ubulk" 225
"../../../Engine/Plugins/Animation/ControlRig/Content/Controls/ControlRig_RoundedSquare_3mm.uasset" 226
"../../../Engine/Plugins/Animation/ControlRig/Content/Controls/ControlRig_RoundedSquare_3mm.uexp" 227
"../../../Engine/Plugins/Animation/ControlRig/Content/Controls/ControlRig_RoundedSquare_1mm.ubulk" 228
"../../../Engine/Plugins/Animation/ControlRig/Content/Controls/ControlRig_RoundedSquare_1mm.uasset" 229
"../../../Engine/Plugins/Animation/ControlRig/Content/Controls/ControlRig_RoundedSquare_1mm.uexp" 230
"../../../Engine/Plugins/Animation/ControlRig/Content/Controls/ControlRig_QuarterCircle_solid.ubulk" 231
"../../../Engine/Plugins/Animation/ControlRig/Content/Controls/ControlRig_QuarterCircle_solid.uasset" 232
"../../../Engine/Plugins/Animation/ControlRig/Content/Controls/ControlRig_QuarterCircle_solid.uexp" 233
"../../../Engine/Plugins/Animation/ControlRig/Content/Controls/ControlRig_QuarterCircle_3mm.ubulk" 234
"../../../Engine/Plugins/Animation/ControlRig/Content/Controls/ControlRig_QuarterCircle_3mm.uasset" 235
"../../../Engine/Plugins/Animation/ControlRig/Content/Controls/ControlRig_QuarterCircle_3mm.uexp" 236
"../../../Engine/Plugins/Animation/ControlRig/Content/Controls/ControlRig_QuarterCircle_1mm.ubulk" 237
"../../../Engine/Plugins/Animation/ControlRig/Content/Controls/ControlRig_QuarterCircle_1mm.uasset" 238
"../../../Engine/Plugins/Animation/ControlRig/Content/Controls/ControlRig_QuarterCircle_1mm.uexp" 239
"../../../Engine/Plugins/Animation/ControlRig/Content/Controls/ControlRig_Pyramid_solid.ubulk" 240
"../../../Engine/Plugins/Animation/ControlRig/Content/Controls/ControlRig_Pyramid_solid.uasset" 241
"../../../Engine/Plugins/Animation/ControlRig/Content/Controls/ControlRig_Pyramid_solid.uexp" 242
"../../../Engine/Plugins/Runtime/MeshModelingToolset/Content/Materials/M_DynamicMeshComponentVtxColor.uasset" 243
"../../../Engine/Plugins/Runtime/MeshModelingToolset/Content/Materials/M_DynamicMeshComponentVtxColor.uexp" 244
"../../../Engine/Plugins/Interchange/Runtime/Content/Pipelines/DefaultTexturePipeline.uasset" 245
"../../../Engine/Plugins/Interchange/Runtime/Content/Pipelines/DefaultTexturePipeline.uexp" 246
"../../../Engine/Plugins/Interchange/Runtime/Content/Pipelines/DefaultSceneLevelPipeline.uasset" 247
"../../../Engine/Plugins/Interchange/Runtime/Content/Pipelines/DefaultSceneLevelPipeline.uexp" 248
"../../../Engine/Plugins/Interchange/Runtime/Content/Pipelines/DefaultSceneAssetsPipeline.uasset" 249
"../../../Engine/Plugins/Interchange/Runtime/Content/Pipelines/DefaultSceneAssetsPipeline.uexp" 250
"../../../Engine/Plugins/Interchange/Runtime/Content/Pipelines/DefaultMaterialPipeline.uasset" 251
"../../../Engine/Plugins/Interchange/Runtime/Content/Pipelines/DefaultMaterialPipeline.uexp" 252
"../../../Engine/Plugins/Interchange/Runtime/Content/Pipelines/DefaultAssetsPipeline.uasset" 253
"../../../Engine/Plugins/Interchange/Runtime/Content/Pipelines/DefaultAssetsPipeline.uexp" 254
"../../../Engine/Plugins/Editor/SpeedTreeImporter/Content/SpeedTree9/game_wind_noise.ubulk" 255
"../../../Engine/Plugins/Editor/SpeedTreeImporter/Content/SpeedTree9/game_wind_noise.uasset" 256
"../../../Engine/Plugins/Editor/SpeedTreeImporter/Content/SpeedTree9/game_wind_noise.uexp" 257
"../../../Engine/Plugins/Editor/SpeedTreeImporter/Content/SpeedTree9/UnpackDirection.uasset" 258
"../../../Engine/Plugins/Editor/SpeedTreeImporter/Content/SpeedTree9/UnpackDirection.uexp" 259
"../../../Engine/Content/Functions/Engine_MaterialFunctions02/ObjectLocalBounds.uasset" 260
"../../../Engine/Content/Functions/Engine_MaterialFunctions02/ObjectLocalBounds.uexp" 261
"../../../Engine/Content/Functions/Engine_MaterialFunctions02/Utility/BreakOutFloat3Components.uasset" 262
"../../../Engine/Content/Functions/Engine_MaterialFunctions02/Utility/BreakOutFloat3Components.uexp" 263
"../../../Engine/Content/Functions/Engine_MaterialFunctions02/UVs/BoundingBoxBased_0-1_UVW.uasset" 264
"../../../Engine/Content/Functions/Engine_MaterialFunctions02/UVs/BoundingBoxBased_0-1_UVW.uexp" 265
"../../../Engine/Content/Functions/Engine_MaterialFunctions02/Utility/VectorLength.uasset" 266
"../../../Engine/Content/Functions/Engine_MaterialFunctions02/Utility/VectorLength.uexp" 267
"../../../Engine/Plugins/Editor/SpeedTreeImporter/Content/SpeedTree9/UnpackInteger3.uasset" 268
"../../../Engine/Plugins/Editor/SpeedTreeImporter/Content/SpeedTree9/UnpackInteger3.uexp" 269
"../../../Engine/Plugins/Editor/SpeedTreeImporter/Content/SpeedTree9/SpeedTreeCameraFacing.uasset" 270
"../../../Engine/Plugins/Editor/SpeedTreeImporter/Content/SpeedTree9/SpeedTreeCameraFacing.uexp" 271
"../../../Engine/Content/Functions/Engine_MaterialFunctions02/WorldPositionOffset/ObjectScale.uasset" 272
"../../../Engine/Content/Functions/Engine_MaterialFunctions02/WorldPositionOffset/ObjectScale.uexp" 273
"../../../Engine/Content/Functions/Engine_MaterialFunctions02/SafeNormalize.uasset" 274
"../../../Engine/Content/Functions/Engine_MaterialFunctions02/SafeNormalize.uexp" 275
"../../../Engine/Plugins/Editor/SpeedTreeImporter/Content/SpeedTree9/SpeedTreeWindMotion.uasset" 276
"../../../Engine/Plugins/Editor/SpeedTreeImporter/Content/SpeedTree9/SpeedTreeWindMotion.uexp" 277
"../../../Engine/Plugins/Editor/SpeedTreeImporter/Content/SpeedTree9/SpeedTreeBranchMotion.uasset" 278
"../../../Engine/Plugins/Editor/SpeedTreeImporter/Content/SpeedTree9/SpeedTreeBranchMotion.uexp" 279
"../../../Engine/Plugins/Editor/SpeedTreeImporter/Content/SpeedTree9/SpeedTreeWind.uasset" 280
"../../../Engine/Plugins/Editor/SpeedTreeImporter/Content/SpeedTree9/SpeedTreeWind.uexp" 281
"../../../Engine/Plugins/Editor/SpeedTreeImporter/Content/SpeedTree9/EmptyNormal.uasset" 282
"../../../Engine/Plugins/Editor/SpeedTreeImporter/Content/SpeedTree9/EmptyNormal.uexp" 283
"../../../Engine/Plugins/Editor/SpeedTreeImporter/Content/SpeedTree9/Empty.uasset" 284
"../../../Engine/Plugins/Editor/SpeedTreeImporter/Content/SpeedTree9/Empty.uexp" 285
"../../../Engine/Plugins/Editor/SpeedTreeImporter/Content/SpeedTree9/SpeedTreeMaster.uasset" 286
"../../../Engine/Plugins/Editor/SpeedTreeImporter/Content/SpeedTree9/SpeedTreeMaster.uexp" 287
"../../../Engine/Plugins/Editor/SpeedTreeImporter/Content/SpeedTree9/SpeedTreeBillboard.uasset" 288
"../../../Engine/Plugins/Editor/SpeedTreeImporter/Content/SpeedTree9/SpeedTreeBillboard.uexp" 289
"../../../Engine/Plugins/Editor/SpeedTreeImporter/Content/SpeedTree9/SpeedTreeBillboardMaster.uasset" 290
"../../../Engine/Plugins/Editor/SpeedTreeImporter/Content/SpeedTree9/SpeedTreeBillboardMaster.uexp" 291
"../../../Engine/Plugins/Animation/ControlRig/Content/Controls/ControlRig_Pyramid_3mm.ubulk" 292
"../../../Engine/Plugins/Animation/ControlRig/Content/Controls/ControlRig_Pyramid_3mm.uasset" 293
"../../../Engine/Plugins/Animation/ControlRig/Content/Controls/ControlRig_Pyramid_3mm.uexp" 294
"../../../Engine/Plugins/Animation/ControlRig/Content/Controls/ControlRig_Pyramid_1mm.ubulk" 295
"../../../Engine/Plugins/Animation/ControlRig/Content/Controls/ControlRig_Pyramid_1mm.uasset" 296
"../../../Engine/Plugins/Animation/ControlRig/Content/Controls/ControlRig_Pyramid_1mm.uexp" 297
"../../../Engine/Plugins/Animation/ControlRig/Content/Controls/ControlRig_Octagon_solid.ubulk" 298
"../../../Engine/Plugins/Animation/ControlRig/Content/Controls/ControlRig_Octagon_solid.uasset" 299
"../../../Engine/Plugins/Animation/ControlRig/Content/Controls/ControlRig_Octagon_solid.uexp" 300
"../../../Engine/Plugins/Animation/ControlRig/Content/Controls/ControlRig_Octagon_3mm.ubulk" 301
"../../../Engine/Plugins/Animation/ControlRig/Content/Controls/ControlRig_Octagon_3mm.uasset" 302
"../../../Engine/Plugins/Animation/ControlRig/Content/Controls/ControlRig_Octagon_3mm.uexp" 303
"../../../Engine/Plugins/Animation/ControlRig/Content/Controls/ControlRig_Octagon_1mm.ubulk" 304
"../../../Engine/Plugins/Animation/ControlRig/Content/Controls/ControlRig_Octagon_1mm.uasset" 305
"../../../Engine/Plugins/Animation/ControlRig/Content/Controls/ControlRig_Octagon_1mm.uexp" 306
"../../../Engine/Plugins/Animation/ControlRig/Content/Controls/ControlRig_Hexagon_solid.ubulk" 307
"../../../Engine/Plugins/Animation/ControlRig/Content/Controls/ControlRig_Hexagon_solid.uasset" 308
"../../../Engine/Plugins/Animation/ControlRig/Content/Controls/ControlRig_Hexagon_solid.uexp" 309
"../../../Engine/Plugins/Animation/ControlRig/Content/Controls/ControlRig_Hexagon_3mm.ubulk" 310
"../../../Engine/Plugins/Animation/ControlRig/Content/Controls/ControlRig_Hexagon_3mm.uasset" 311
"../../../Engine/Plugins/Animation/ControlRig/Content/Controls/ControlRig_Hexagon_3mm.uexp" 312
"../../../Engine/Plugins/Animation/ControlRig/Content/Controls/ControlRig_Hexagon_1mm.ubulk" 313
"../../../Engine/Plugins/Animation/ControlRig/Content/Controls/ControlRig_Hexagon_1mm.uasset" 314
"../../../Engine/Plugins/Animation/ControlRig/Content/Controls/ControlRig_Hexagon_1mm.uexp" 315
"../../../Engine/Plugins/Animation/ControlRig/Content/Controls/ControlRig_HalfCircle_solid.ubulk" 316
"../../../Engine/Plugins/Animation/ControlRig/Content/Controls/ControlRig_HalfCircle_solid.uasset" 317
"../../../Engine/Plugins/Animation/ControlRig/Content/Controls/ControlRig_HalfCircle_solid.uexp" 318
"../../../Engine/Plugins/Animation/ControlRig/Content/Controls/ControlRig_HalfCircle_3mm.ubulk" 319
"../../../Engine/Plugins/Animation/ControlRig/Content/Controls/ControlRig_HalfCircle_3mm.uasset" 320
"../../../Engine/Plugins/Animation/ControlRig/Content/Controls/ControlRig_HalfCircle_3mm.uexp" 321
"../../../Engine/Plugins/Animation/ControlRig/Content/Controls/ControlRig_HalfCircle_1mm.ubulk" 322
"../../../Engine/Plugins/Animation/ControlRig/Content/Controls/ControlRig_HalfCircle_1mm.uasset" 323
"../../../Engine/Plugins/Animation/ControlRig/Content/Controls/ControlRig_HalfCircle_1mm.uexp" 324
"../../../Engine/Plugins/Animation/ControlRig/Content/Controls/ControlRig_Diamond_solid.ubulk" 325
"../../../Engine/Plugins/Animation/ControlRig/Content/Controls/ControlRig_Diamond_solid.uasset" 326
"../../../Engine/Plugins/Animation/ControlRig/Content/Controls/ControlRig_Diamond_solid.uexp" 327
"../../../Engine/Plugins/Animation/ControlRig/Content/Controls/ControlRig_Diamond_3mm.ubulk" 328
"../../../Engine/Plugins/Animation/ControlRig/Content/Controls/ControlRig_Diamond_3mm.uasset" 329
"../../../Engine/Plugins/Animation/ControlRig/Content/Controls/ControlRig_Diamond_3mm.uexp" 330
"../../../Engine/Plugins/Animation/ControlRig/Content/Controls/ControlRig_Diamond_1mm.ubulk" 331
"../../../Engine/Plugins/Animation/ControlRig/Content/Controls/ControlRig_Diamond_1mm.uasset" 332
"../../../Engine/Plugins/Animation/ControlRig/Content/Controls/ControlRig_Diamond_1mm.uexp" 333
"../../../Engine/Plugins/Animation/ControlRig/Content/Controls/ControlRig_Circle_solid.ubulk" 334
"../../../Engine/Plugins/Animation/ControlRig/Content/Controls/ControlRig_Circle_solid.uasset" 335
"../../../Engine/Plugins/Animation/ControlRig/Content/Controls/ControlRig_Circle_solid.uexp" 336
"../../../Engine/Plugins/Animation/ControlRig/Content/Controls/ControlRig_Circle_3mm.ubulk" 337
"../../../Engine/Plugins/Animation/ControlRig/Content/Controls/ControlRig_Circle_3mm.uasset" 338
"../../../Engine/Plugins/Animation/ControlRig/Content/Controls/ControlRig_Circle_3mm.uexp" 339
"../../../Engine/Plugins/Animation/ControlRig/Content/Controls/ControlRig_Circle_1mm.ubulk" 340
"../../../Engine/Plugins/Animation/ControlRig/Content/Controls/ControlRig_Circle_1mm.uasset" 341
"../../../Engine/Plugins/Animation/ControlRig/Content/Controls/ControlRig_Circle_1mm.uexp" 342
"../../../Engine/Plugins/Animation/ControlRig/Content/Controls/ControlRig_Box_solid.ubulk" 343
"../../../Engine/Plugins/Animation/ControlRig/Content/Controls/ControlRig_Box_solid.uasset" 344
"../../../Engine/Plugins/Animation/ControlRig/Content/Controls/ControlRig_Box_solid.uexp" 345
"../../../Engine/Plugins/Animation/ControlRig/Content/Controls/ControlRig_Box_3mm.ubulk" 346
"../../../Engine/Plugins/Animation/ControlRig/Content/Controls/ControlRig_Box_3mm.uasset" 347
"../../../Engine/Plugins/Animation/ControlRig/Content/Controls/ControlRig_Box_3mm.uexp" 348
"../../../Engine/Plugins/Animation/ControlRig/Content/Controls/ControlRig_Box_1mm.ubulk" 349
"../../../Engine/Plugins/Animation/ControlRig/Content/Controls/ControlRig_Box_1mm.uasset" 350
"../../../Engine/Plugins/Animation/ControlRig/Content/Controls/ControlRig_Box_1mm.uexp" 351
"../../../Engine/Plugins/Animation/ControlRig/Content/Controls/ControlRig_Arrow_solid.ubulk" 352
"../../../Engine/Plugins/Animation/ControlRig/Content/Controls/ControlRig_Arrow_solid.uasset" 353
"../../../Engine/Plugins/Animation/ControlRig/Content/Controls/ControlRig_Arrow_solid.uexp" 354
"../../../Engine/Plugins/Animation/ControlRig/Content/Controls/ControlRig_Arrow_3mm.ubulk" 355
"../../../Engine/Plugins/Animation/ControlRig/Content/Controls/ControlRig_Arrow_3mm.uasset" 356
"../../../Engine/Plugins/Animation/ControlRig/Content/Controls/ControlRig_Arrow_3mm.uexp" 357
"../../../Engine/Plugins/Animation/ControlRig/Content/Controls/ControlRig_Arrow_1mm.ubulk" 358
"../../../Engine/Plugins/Animation/ControlRig/Content/Controls/ControlRig_Arrow_1mm.uasset" 359
"../../../Engine/Plugins/Animation/ControlRig/Content/Controls/ControlRig_Arrow_1mm.uexp" 360
"../../../Engine/Plugins/Animation/ControlRig/Content/Controls/ControlRig_Arrow4_solid.ubulk" 361
"../../../Engine/Plugins/Animation/ControlRig/Content/Controls/ControlRig_Arrow4_solid.uasset" 362
"../../../Engine/Plugins/Animation/ControlRig/Content/Controls/ControlRig_Arrow4_solid.uexp" 363
"../../../Engine/Plugins/Animation/ControlRig/Content/Controls/ControlRig_Arrow4_3mm.ubulk" 364
"../../../Engine/Plugins/Animation/ControlRig/Content/Controls/ControlRig_Arrow4_3mm.uasset" 365
"../../../Engine/Plugins/Animation/ControlRig/Content/Controls/ControlRig_Arrow4_3mm.uexp" 366
"../../../Engine/Plugins/Animation/ControlRig/Content/Controls/ControlRig_Arrow4_1mm.ubulk" 367
"../../../Engine/Plugins/Animation/ControlRig/Content/Controls/ControlRig_Arrow4_1mm.uasset" 368
"../../../Engine/Plugins/Animation/ControlRig/Content/Controls/ControlRig_Arrow4_1mm.uexp" 369
"../../../Engine/Plugins/Animation/ControlRig/Content/Controls/ControlRig_Arrow2_solid.ubulk" 370
"../../../Engine/Plugins/Animation/ControlRig/Content/Controls/ControlRig_Arrow2_solid.uasset" 371
"../../../Engine/Plugins/Animation/ControlRig/Content/Controls/ControlRig_Arrow2_solid.uexp" 372
"../../../Engine/Plugins/Animation/ControlRig/Content/Controls/ControlRig_Arrow2_3mm.ubulk" 373
"../../../Engine/Plugins/Animation/ControlRig/Content/Controls/ControlRig_Arrow2_3mm.uasset" 374
"../../../Engine/Plugins/Animation/ControlRig/Content/Controls/ControlRig_Arrow2_3mm.uexp" 375
"../../../Engine/Plugins/Animation/ControlRig/Content/Controls/ControlRig_Arrow2_1mm.ubulk" 376
"../../../Engine/Plugins/Animation/ControlRig/Content/Controls/ControlRig_Arrow2_1mm.uasset" 377
"../../../Engine/Plugins/Animation/ControlRig/Content/Controls/ControlRig_Arrow2_1mm.uexp" 378
"../../../Engine/Plugins/Animation/ControlRig/Content/Controls/ControlRigXRayMaterial.uasset" 379
"../../../Engine/Plugins/Animation/ControlRig/Content/Controls/ControlRigXRayMaterial.uexp" 380
"../../../Engine/Plugins/Animation/ControlRig/Content/Controls/ControlRigGizmoMaterial.uasset" 381
"../../../Engine/Plugins/Animation/ControlRig/Content/Controls/ControlRigGizmoMaterial.uexp" 382
"../../../Engine/Content/EngineSounds/Master.uasset" 383
"../../../Engine/Content/EngineSounds/Master.uexp" 384
"../../../Engine/Content/EngineResources/WhiteSquareTexture.uasset" 385
"../../../Engine/Content/EngineResources/WhiteSquareTexture.uexp" 386
"../../../Engine/Content/EngineMaterials/Widget3DPassThrough.uasset" 387
"../../../Engine/Content/EngineMaterials/Widget3DPassThrough.uexp" 388
"../../../Engine/Content/EngineMaterials/Widget3DPassThrough_Translucent.uasset" 389
"../../../Engine/Content/EngineMaterials/Widget3DPassThrough_Translucent.uexp" 390
"../../../Engine/Content/EngineMaterials/Widget3DPassThrough_Translucent_OneSided.uasset" 391
"../../../Engine/Content/EngineMaterials/Widget3DPassThrough_Translucent_OneSided.uexp" 392
"../../../Engine/Content/EngineMaterials/Widget3DPassThrough_Opaque.uasset" 393
"../../../Engine/Content/EngineMaterials/Widget3DPassThrough_Opaque.uexp" 394
"../../../Engine/Content/EngineMaterials/Widget3DPassThrough_Opaque_OneSided.uasset" 395
"../../../Engine/Content/EngineMaterials/Widget3DPassThrough_Opaque_OneSided.uexp" 396
"../../../Engine/Content/EngineMaterials/Widget3DPassThrough_Masked_OneSided.uasset" 397
"../../../Engine/Content/EngineMaterials/Widget3DPassThrough_Masked_OneSided.uexp" 398
"../../../Engine/Content/EngineMaterials/Widget3DPassThrough_Masked.uasset" 399
"../../../Engine/Content/EngineMaterials/Widget3DPassThrough_Masked.uexp" 400
"../../../Engine/Content/EngineMaterials/STBlueNoise_vec2_128x128x64.uasset" 401
"../../../Engine/Content/EngineMaterials/STBlueNoise_vec2_128x128x64.uexp" 402
"../../../Engine/Content/EngineMaterials/STBlueNoise_scalar_128x128x64.uasset" 403
"../../../Engine/Content/EngineMaterials/STBlueNoise_scalar_128x128x64.uexp" 404
"../../../Engine/Content/EngineMaterials/RemoveSurfaceMaterial.uasset" 405
"../../../Engine/Content/EngineMaterials/RemoveSurfaceMaterial.uexp" 406
"../../../Engine/Content/EngineMaterials/DefaultCalibrationGrayscale.uasset" 407
"../../../Engine/Content/EngineMaterials/DefaultCalibrationGrayscale.uexp" 408
"../../../Engine/Content/EngineMaterials/PPM_DefaultCalibrationGrayscale.uasset" 409
"../../../Engine/Content/EngineMaterials/PPM_DefaultCalibrationGrayscale.uexp" 410
"../../../Engine/Content/EngineMaterials/DefaultCalibrationColor.uasset" 411
"../../../Engine/Content/EngineMaterials/DefaultCalibrationColor.uexp" 412
"../../../Engine/Content/EngineMaterials/PPM_DefaultCalibrationColor.uasset" 413
"../../../Engine/Content/EngineMaterials/PPM_DefaultCalibrationColor.uexp" 414
"../../../Engine/Content/EngineMaterials/PhAT_JointLimitMaterial.uasset" 415
"../../../Engine/Content/EngineMaterials/PhAT_JointLimitMaterial.uexp" 416
"../../../Engine/Content/EngineMaterials/NaniteHiddenSectionMaterial.uasset" 417
"../../../Engine/Content/EngineMaterials/NaniteHiddenSectionMaterial.uexp" 418
"../../../Engine/Content/EngineMaterials/InvalidLightmapSettings.ubulk" 419
"../../../Engine/Content/EngineMaterials/InvalidLightmapSettings.uasset" 420
"../../../Engine/Content/EngineMaterials/InvalidLightmapSettings.uexp" 421
"../../../Engine/Content/EngineMaterials/M_InvalidLightmapSettings.uasset" 422
"../../../Engine/Content/EngineMaterials/M_InvalidLightmapSettings.uexp" 423
"../../../Engine/Content/EngineMaterials/GizmoMaterial.uasset" 424
"../../../Engine/Content/EngineMaterials/GizmoMaterial.uexp" 425
"../../../Engine/Content/EngineMaterials/BaseFlattenEmissiveMap_VT.uasset" 426
"../../../Engine/Content/EngineMaterials/BaseFlattenEmissiveMap_VT.uexp" 427
"../../../Engine/Content/EngineMaterials/BaseFlattenGrayscaleMap_VT.uasset" 428
"../../../Engine/Content/EngineMaterials/BaseFlattenGrayscaleMap_VT.uexp" 429
"../../../Engine/Content/EngineMaterials/BaseFlattenLinearColor_VT.uasset" 430
"../../../Engine/Content/EngineMaterials/BaseFlattenLinearColor_VT.uexp" 431
"../../../Engine/Content/EngineMaterials/Black_1x1_EXR_Texture_VT.uasset" 432
"../../../Engine/Content/EngineMaterials/Black_1x1_EXR_Texture_VT.uexp" 433
"../../../Engine/Content/EngineMaterials/BaseFlattenDiffuseMap_VT.uasset" 434
"../../../Engine/Content/EngineMaterials/BaseFlattenDiffuseMap_VT.uexp" 435
"../../../Engine/Content/EngineMaterials/BaseFlattenNormalMap_VT.uasset" 436
"../../../Engine/Content/EngineMaterials/BaseFlattenNormalMap_VT.uexp" 437
"../../../Engine/Content/EngineMaterials/FlattenMaterial_WS_Normal_VT.uasset" 438
"../../../Engine/Content/EngineMaterials/FlattenMaterial_WS_Normal_VT.uexp" 439
"../../../Engine/Content/EngineMaterials/FlattenMaterial_VT.uasset" 440
"../../../Engine/Content/EngineMaterials/FlattenMaterial_VT.uexp" 441
"../../../Engine/Content/EngineMaterials/BaseFlattenNormalMap.uasset" 442
"../../../Engine/Content/EngineMaterials/BaseFlattenNormalMap.uexp" 443
"../../../Engine/Content/EngineMaterials/BaseFlattenGrayscaleMap.uasset" 444
"../../../Engine/Content/EngineMaterials/BaseFlattenGrayscaleMap.uexp" 445
"../../../Engine/Content/EngineMaterials/BaseFlattenDiffuseMap.uasset" 446
"../../../Engine/Content/EngineMaterials/BaseFlattenDiffuseMap.uexp" 447
"../../../Engine/Content/Functions/Engine_MaterialFunctions02/PivotPainter2/Black_1x1_EXR_Texture.uasset" 448
"../../../Engine/Content/Functions/Engine_MaterialFunctions02/PivotPainter2/Black_1x1_EXR_Texture.uexp" 449
"../../../Engine/Content/EngineMaterials/BaseFlattenEmissiveMap.uasset" 450
"../../../Engine/Content/EngineMaterials/BaseFlattenEmissiveMap.uexp" 451
"../../../Engine/Content/EngineMaterials/BaseFlattenLinearColor.uasset" 452
"../../../Engine/Content/EngineMaterials/BaseFlattenLinearColor.uexp" 453
"../../../Engine/Content/EngineMaterials/FlattenMaterial.uasset" 454
"../../../Engine/Content/EngineMaterials/FlattenMaterial.uexp" 455
"../../../Engine/Content/EngineMaterials/DefaultWhiteGrid_Low.uasset" 456
"../../../Engine/Content/EngineMaterials/DefaultWhiteGrid_Low.uexp" 457
"../../../Engine/Content/EngineMaterials/EmissiveMeshMaterial.uasset" 458
"../../../Engine/Content/EngineMaterials/EmissiveMeshMaterial.uexp" 459
"../../../Engine/Content/EngineFonts/RobotoDistanceField.uasset" 460
"../../../Engine/Content/EngineFonts/RobotoDistanceField.uexp" 461
"../../../Engine/Content/EngineMaterials/DefaultTextMaterialOpaque.uasset" 462
"../../../Engine/Content/EngineMaterials/DefaultTextMaterialOpaque.uexp" 463
"../../../Engine/Content/EngineMaterials/DefaultDiffuse.ubulk" 464
"../../../Engine/Content/EngineMaterials/DefaultDiffuse.uasset" 465
"../../../Engine/Content/EngineMaterials/DefaultDiffuse.uexp" 466
"../../../Engine/Content/Functions/Engine_MaterialFunctions02/Utility/BreakOutFloat2Components.uasset" 467
"../../../Engine/Content/Functions/Engine_MaterialFunctions02/Utility/BreakOutFloat2Components.uexp" 468
"../../../Engine/Content/EngineMaterials/DefaultPostProcessMaterial.uasset" 469
"../../../Engine/Content/EngineMaterials/DefaultPostProcessMaterial.uexp" 470
"../../../Engine/Content/EngineMaterials/DefaultPhysicalMaterial.uasset" 471
"../../../Engine/Content/EngineMaterials/DefaultPhysicalMaterial.uexp" 472
"../../../Engine/Content/EngineMaterials/DefaultLightFunctionMaterial.uasset" 473
"../../../Engine/Content/EngineMaterials/DefaultLightFunctionMaterial.uexp" 474
"../../../Engine/Content/EngineMaterials/DefaultDestructiblePhysicalMaterial.uasset" 475
"../../../Engine/Content/EngineMaterials/DefaultDestructiblePhysicalMaterial.uexp" 476
"../../../Engine/Content/EngineMaterials/DefaultDeferredDecalMaterial.uasset" 477
"../../../Engine/Content/EngineMaterials/DefaultDeferredDecalMaterial.uexp" 478
"../../../Engine/Content/EngineMaterials/DefaultBloomKernel.uasset" 479
"../../../Engine/Content/EngineMaterials/DefaultBloomKernel.uexp" 480
"../../../Engine/Content/Functions/Engine_MaterialFunctions02/Utility/CameraDirectionVector.uasset" 481
"../../../Engine/Content/Functions/Engine_MaterialFunctions02/Utility/CameraDirectionVector.uexp" 482
"../../../Engine/Content/EngineDebugMaterials/VolumeToRender.uasset" 483
"../../../Engine/Content/EngineDebugMaterials/VolumeToRender.uexp" 484
"../../../Engine/Content/EngineDebugMaterials/M_VolumeRenderSphereTracePP.uasset" 485
"../../../Engine/Content/EngineDebugMaterials/M_VolumeRenderSphereTracePP.uexp" 486
"../../../Engine/Content/EngineDebugMaterials/M_SimpleUnlitTranslucent.uasset" 487
"../../../Engine/Content/EngineDebugMaterials/M_SimpleUnlitTranslucent.uexp" 488
"../../../Engine/Content/EngineDebugMaterials/DebugMeshMaterial.uasset" 489
"../../../Engine/Content/EngineDebugMaterials/DebugMeshMaterial.uexp" 490
"../../../Engine/Content/EngineDebugMaterials/DebugEditorMaterial.uasset" 491
"../../../Engine/Content/EngineDebugMaterials/DebugEditorMaterial.uexp" 492
"../../../Engine/Content/EngineDamageTypes/DmgTypeBP_Environmental.uasset" 493
"../../../Engine/Content/EngineDamageTypes/DmgTypeBP_Environmental.uexp" 494
"../../../Engine/Content/EditorResources/S_Terrain.ubulk" 495
"../../../Engine/Content/EditorResources/S_Terrain.uasset" 496
"../../../Engine/Content/EditorResources/S_Terrain.uexp" 497
"D:/UEP/CashierSimulator/Content/FirstPerson/Input/Actions/IA_Look.uasset" 498
"D:/UEP/CashierSimulator/Content/FirstPerson/Input/Actions/IA_Look.uexp" 499
"../../../Engine/Content/Functions/Engine_MaterialFunctions02/Utility/BlendAngleCorrectedNormals.uasset" 500
"../../../Engine/Content/Functions/Engine_MaterialFunctions02/Utility/BlendAngleCorrectedNormals.uexp" 501
"../../../Engine/Content/Functions/MaterialLayerFunctions/MatLayerBlend_NormalBlend.uasset" 502
"../../../Engine/Content/Functions/MaterialLayerFunctions/MatLayerBlend_NormalBlend.uexp" 503
"D:/UEP/CashierSimulator/Content/FirstPersonArms/Character/Materials/MaterialLayers/T_ML_Rubber_Blue_01_N.ubulk" 504
"D:/UEP/CashierSimulator/Content/FirstPersonArms/Character/Materials/MaterialLayers/T_ML_Rubber_Blue_01_N.uasset" 505
"D:/UEP/CashierSimulator/Content/FirstPersonArms/Character/Materials/MaterialLayers/T_ML_Rubber_Blue_01_N.uexp" 506
"D:/UEP/CashierSimulator/Content/FirstPersonArms/Character/Materials/MaterialLayers/T_ML_Rubber_Blue_01_D.ubulk" 507
"D:/UEP/CashierSimulator/Content/FirstPersonArms/Character/Materials/MaterialLayers/T_ML_Rubber_Blue_01_D.uasset" 508
"D:/UEP/CashierSimulator/Content/FirstPersonArms/Character/Materials/MaterialLayers/T_ML_Rubber_Blue_01_D.uexp" 509
"D:/UEP/CashierSimulator/Content/FirstPersonArms/Character/Materials/MaterialLayers/ML_GlossyBlack_Latex_UE4.uasset" 510
"D:/UEP/CashierSimulator/Content/FirstPersonArms/Character/Materials/MaterialLayers/ML_GlossyBlack_Latex_UE4.uexp" 511
"D:/UEP/CashierSimulator/Content/FirstPersonArms/Character/Textures/UE4_Mannequin_MAT_MASKA.ubulk" 512
"D:/UEP/CashierSimulator/Content/FirstPersonArms/Character/Textures/UE4_Mannequin_MAT_MASKA.uasset" 513
"D:/UEP/CashierSimulator/Content/FirstPersonArms/Character/Textures/UE4_Mannequin_MAT_MASKA.uexp" 514
"D:/UEP/CashierSimulator/Content/FirstPersonArms/Character/Textures/UE4_LOGO_CARD.ubulk" 515
"D:/UEP/CashierSimulator/Content/FirstPersonArms/Character/Textures/UE4_LOGO_CARD.uasset" 516
"D:/UEP/CashierSimulator/Content/FirstPersonArms/Character/Textures/UE4_LOGO_CARD.uexp" 517
"D:/UEP/CashierSimulator/Content/FirstPersonArms/Character/Materials/MaterialLayers/ML_Plastic_Shiny_Beige_LOGO.uasset" 518
"D:/UEP/CashierSimulator/Content/FirstPersonArms/Character/Materials/MaterialLayers/ML_Plastic_Shiny_Beige_LOGO.uexp" 519
"../../../Engine/Content/Functions/MaterialLayerFunctions/MatLayerBlend_Simple.uasset" 520
"../../../Engine/Content/Functions/MaterialLayerFunctions/MatLayerBlend_Simple.uexp" 521
"D:/UEP/CashierSimulator/Content/FirstPersonArms/Character/Materials/MaterialLayers/T_ML_Aluminum01.ubulk" 522
"D:/UEP/CashierSimulator/Content/FirstPersonArms/Character/Materials/MaterialLayers/T_ML_Aluminum01.uasset" 523
"D:/UEP/CashierSimulator/Content/FirstPersonArms/Character/Materials/MaterialLayers/T_ML_Aluminum01.uexp" 524
"D:/UEP/CashierSimulator/Content/FirstPersonArms/Character/Materials/MaterialLayers/T_ML_Aluminum01_N.ubulk" 525
"D:/UEP/CashierSimulator/Content/FirstPersonArms/Character/Materials/MaterialLayers/T_ML_Aluminum01_N.uasset" 526
"D:/UEP/CashierSimulator/Content/FirstPersonArms/Character/Materials/MaterialLayers/T_ML_Aluminum01_N.uexp" 527
"D:/UEP/CashierSimulator/Content/FirstPersonArms/Character/Materials/MaterialLayers/ML_SoftMetal_UE4.uasset" 528
"D:/UEP/CashierSimulator/Content/FirstPersonArms/Character/Materials/MaterialLayers/ML_SoftMetal_UE4.uexp" 529
"D:/UEP/CashierSimulator/Content/FirstPersonArms/Character/Materials/MaterialLayers/ML_Plastic_Shiny_Beige.uasset" 530
"D:/UEP/CashierSimulator/Content/FirstPersonArms/Character/Materials/MaterialLayers/ML_Plastic_Shiny_Beige.uexp" 531
"D:/UEP/CashierSimulator/Content/FirstPersonArms/Character/Textures/UE4_Mannequin__normals.ubulk" 532
"D:/UEP/CashierSimulator/Content/FirstPersonArms/Character/Textures/UE4_Mannequin__normals.uasset" 533
"D:/UEP/CashierSimulator/Content/FirstPersonArms/Character/Textures/UE4_Mannequin__normals.uexp" 534
"D:/UEP/CashierSimulator/Content/FirstPersonArms/Character/Materials/M_UE4Man_Body.uasset" 535
"D:/UEP/CashierSimulator/Content/FirstPersonArms/Character/Materials/M_UE4Man_Body.uexp" 536
"D:/UEP/CashierSimulator/Content/FirstPersonArms/Character/Mesh/SK_Mannequin_Arms_PhysicsAsset.uasset" 537
"D:/UEP/CashierSimulator/Content/FirstPersonArms/Character/Mesh/SK_Mannequin_Arms_PhysicsAsset.uexp" 538
"D:/UEP/CashierSimulator/Content/FirstPersonArms/Character/Mesh/SK_Mannequin_Arms_Skeleton.uasset" 539
"D:/UEP/CashierSimulator/Content/FirstPersonArms/Character/Mesh/SK_Mannequin_Arms_Skeleton.uexp" 540
"D:/UEP/CashierSimulator/Content/FirstPersonArms/Character/Mesh/SK_Mannequin_Arms.uasset" 541
"D:/UEP/CashierSimulator/Content/FirstPersonArms/Character/Mesh/SK_Mannequin_Arms.uexp" 542
"D:/UEP/CashierSimulator/Content/FirstPerson/Input/Actions/IA_Move.uasset" 543
"D:/UEP/CashierSimulator/Content/FirstPerson/Input/Actions/IA_Move.uexp" 544
"D:/UEP/CashierSimulator/Content/FirstPerson/Input/Actions/IA_Jump.uasset" 545
"D:/UEP/CashierSimulator/Content/FirstPerson/Input/Actions/IA_Jump.uexp" 546
"D:/UEP/CashierSimulator/Content/FirstPerson/Input/IMC_Default.uasset" 547
"D:/UEP/CashierSimulator/Content/FirstPerson/Input/IMC_Default.uexp" 548
"../../../Engine/Content/Animation/DefaultAnimCurveCompressionSettings.uasset" 549
"../../../Engine/Content/Animation/DefaultAnimCurveCompressionSettings.uexp" 550
"../../../Engine/Content/Animation/DefaultAnimBoneCompressionSettings.uasset" 551
"../../../Engine/Content/Animation/DefaultAnimBoneCompressionSettings.uexp" 552
"D:/UEP/CashierSimulator/Content/FirstPersonArms/Animations/FP_Rifle_Idle.uasset" 553
"D:/UEP/CashierSimulator/Content/FirstPersonArms/Animations/FP_Rifle_Idle.uexp" 554
"D:/UEP/CashierSimulator/Content/FirstPersonArms/Animations/FP_Rifle_Land.uasset" 555
"D:/UEP/CashierSimulator/Content/FirstPersonArms/Animations/FP_Rifle_Land.uexp" 556
"D:/UEP/CashierSimulator/Content/FirstPersonArms/Animations/FP_Rifle_Run.uasset" 557
"D:/UEP/CashierSimulator/Content/FirstPersonArms/Animations/FP_Rifle_Run.uexp" 558
"D:/UEP/CashierSimulator/Content/FirstPersonArms/Animations/FP_Rifle_Falling.uasset" 559
"D:/UEP/CashierSimulator/Content/FirstPersonArms/Animations/FP_Rifle_Falling.uexp" 560
"../../../Engine/Content/Animation/DefaultRecorderBoneCompression.uasset" 561
"../../../Engine/Content/Animation/DefaultRecorderBoneCompression.uexp" 562
"D:/UEP/CashierSimulator/Content/FirstPersonArms/Animations/FP_Idle.uasset" 563
"D:/UEP/CashierSimulator/Content/FirstPersonArms/Animations/FP_Idle.uexp" 564
"D:/UEP/CashierSimulator/Content/FirstPersonArms/Animations/FP_Jump.uasset" 565
"D:/UEP/CashierSimulator/Content/FirstPersonArms/Animations/FP_Jump.uexp" 566
"D:/UEP/CashierSimulator/Content/FirstPersonArms/Animations/FP_Run_Fwd.uasset" 567
"D:/UEP/CashierSimulator/Content/FirstPersonArms/Animations/FP_Run_Fwd.uexp" 568
"D:/UEP/CashierSimulator/Content/FirstPersonArms/Animations/FP_Land.uasset" 569
"D:/UEP/CashierSimulator/Content/FirstPersonArms/Animations/FP_Land.uexp" 570
"D:/UEP/CashierSimulator/Content/FirstPersonArms/Animations/FP_Falling.uasset" 571
"D:/UEP/CashierSimulator/Content/FirstPersonArms/Animations/FP_Falling.uexp" 572
"D:/UEP/CashierSimulator/Content/FirstPersonArms/Animations/FP_Rifle_Jump.uasset" 573
"D:/UEP/CashierSimulator/Content/FirstPersonArms/Animations/FP_Rifle_Jump.uexp" 574
"../../../Engine/Content/EditorBlueprintResources/StandardMacros.uasset" 575
"../../../Engine/Content/EditorBlueprintResources/StandardMacros.uexp" 576
"D:/UEP/CashierSimulator/Content/FirstPersonArms/Animations/FirstPerson_AnimBP.uasset" 577
"D:/UEP/CashierSimulator/Content/FirstPersonArms/Animations/FirstPerson_AnimBP.uexp" 578
"D:/UEP/CashierSimulator/Content/FirstPerson/Blueprints/BP_FirstPersonCharacter.uasset" 579
"D:/UEP/CashierSimulator/Content/FirstPerson/Blueprints/BP_FirstPersonCharacter.uexp" 580
"D:/UEP/CashierSimulator/Content/FirstPerson/Blueprints/BP_FirstPersonGameMode.uasset" 581
"D:/UEP/CashierSimulator/Content/FirstPerson/Blueprints/BP_FirstPersonGameMode.uexp" 582
"../../../Engine/Content/MobileResources/HUD/VirtualJoystick_Background.uasset" 583
"../../../Engine/Content/MobileResources/HUD/VirtualJoystick_Background.uexp" 584
"../../../Engine/Content/MobileResources/HUD/VirtualJoystick_Thumb.uasset" 585
"../../../Engine/Content/MobileResources/HUD/VirtualJoystick_Thumb.uexp" 586
"../../../Engine/Content/MobileResources/HUD/DefaultVirtualJoysticks.uasset" 587
"../../../Engine/Content/MobileResources/HUD/DefaultVirtualJoysticks.uexp" 588
"../../../Engine/Content/Functions/Engine_MaterialFunctions01/Shading/PowerToRoughness.uasset" 589
"../../../Engine/Content/Functions/Engine_MaterialFunctions01/Shading/PowerToRoughness.uexp" 590
"../../../Engine/Content/Functions/Engine_MaterialFunctions01/Shading/ConvertFromDiffSpec.uasset" 591
"../../../Engine/Content/Functions/Engine_MaterialFunctions01/Shading/ConvertFromDiffSpec.uexp" 592
"../../../Engine/Content/EngineSky/VolumetricClouds/CloudWeatherTexture.uasset" 593
"../../../Engine/Content/EngineSky/VolumetricClouds/CloudWeatherTexture.uexp" 594
"../../../Engine/Content/Functions/Engine_MaterialFunctions02/Utility/MakeFloat2.uasset" 595
"../../../Engine/Content/Functions/Engine_MaterialFunctions02/Utility/MakeFloat2.uexp" 596
"../../../Engine/Content/EngineSky/VolumetricClouds/CloudGradientTexture.uasset" 597
"../../../Engine/Content/EngineSky/VolumetricClouds/CloudGradientTexture.uexp" 598
"../../../Engine/Content/EngineSky/VolumetricClouds/T_NoiseShape64.ubulk" 599
"../../../Engine/Content/EngineSky/VolumetricClouds/T_NoiseShape64.uasset" 600
"../../../Engine/Content/EngineSky/VolumetricClouds/T_NoiseShape64.uexp" 601
"../../../Engine/Content/EngineSky/VolumetricClouds/T_VolumeNoiseShape64.uasset" 602
"../../../Engine/Content/EngineSky/VolumetricClouds/T_VolumeNoiseShape64.uexp" 603
"../../../Engine/Content/EngineSky/VolumetricClouds/T_NoiseErosion.ubulk" 604
"../../../Engine/Content/EngineSky/VolumetricClouds/T_NoiseErosion.uasset" 605
"../../../Engine/Content/EngineSky/VolumetricClouds/T_NoiseErosion.uexp" 606
"../../../Engine/Content/EngineSky/VolumetricClouds/T_VolumeNoiseErosion32.uasset" 607
"../../../Engine/Content/EngineSky/VolumetricClouds/T_VolumeNoiseErosion32.uexp" 608
"../../../Engine/Content/EngineSky/VolumetricClouds/m_SimpleVolumetricCloud.uasset" 609
"../../../Engine/Content/EngineSky/VolumetricClouds/m_SimpleVolumetricCloud.uexp" 610
"../../../Engine/Content/EngineSky/VolumetricClouds/m_SimpleVolumetricCloud_Inst.uasset" 611
"../../../Engine/Content/EngineSky/VolumetricClouds/m_SimpleVolumetricCloud_Inst.uexp" 612
"../../../Engine/Content/EngineResources/FilmGrains/Marcie_Grain_v3_128_M2_000.uasset" 613
"../../../Engine/Content/EngineResources/FilmGrains/Marcie_Grain_v3_128_M2_000.uexp" 614
"../../../Engine/Content/EditorResources/EmptyActor.uasset" 615
"../../../Engine/Content/EditorResources/EmptyActor.uexp" 616
"../../../Engine/Content/EditorResources/BSPVertex.uasset" 617
"../../../Engine/Content/EditorResources/BSPVertex.uexp" 618
"../../../Engine/Content/EditorResources/SequenceRecorder/RecordingIndicator.uasset" 619
"../../../Engine/Content/EditorResources/SequenceRecorder/RecordingIndicator.uexp" 620
"../../../Engine/Content/EditorResources/SequenceRecorder/Countdown.uasset" 621
"../../../Engine/Content/EditorResources/SequenceRecorder/Countdown.uexp" 622
"../../../Engine/Content/EditorResources/LightIcons/S_LightError.uasset" 623
"../../../Engine/Content/EditorResources/LightIcons/S_LightError.uexp" 624
"../../../Engine/Content/EditorResources/AudioIcons/S_AudioComponent_AutoActivate.uasset" 625
"../../../Engine/Content/EditorResources/AudioIcons/S_AudioComponent_AutoActivate.uexp" 626
"../../../Engine/Content/EditorMaterials/PreviewShadowIndicator.ubulk" 627
"../../../Engine/Content/EditorMaterials/PreviewShadowIndicator.uasset" 628
"../../../Engine/Content/EditorMaterials/PreviewShadowIndicator.uexp" 629
"../../../Engine/Content/EditorMaterials/PreviewShadowIndicatorMaterial.uasset" 630
"../../../Engine/Content/EditorMaterials/PreviewShadowIndicatorMaterial.uexp" 631
"../../../Engine/Content/EditorMaterials/PhAT_UnselectedMaterial.uasset" 632
"../../../Engine/Content/EditorMaterials/PhAT_UnselectedMaterial.uexp" 633
"../../../Engine/Content/EditorMaterials/PhAT_NoCollisionMaterial.uasset" 634
"../../../Engine/Content/EditorMaterials/PhAT_NoCollisionMaterial.uexp" 635
"../../../Engine/Content/EditorLandscapeResources/DefaultAlphaTexture.uasset" 636
"../../../Engine/Content/EditorLandscapeResources/DefaultAlphaTexture.uexp" 637
"../../../Engine/Content/EditorLandscapeResources/DataLayer.uasset" 638
"../../../Engine/Content/EditorLandscapeResources/DataLayer.uexp" 639
"../../../Engine/Content/BasicShapes/Cone.ubulk" 640
"../../../Engine/Content/BasicShapes/Cone.uasset" 641
"../../../Engine/Content/BasicShapes/Cone.uexp" 642
"../../../Engine/Content/BasicShapes/Cube.ubulk" 643
"../../../Engine/Content/BasicShapes/Cube.uasset" 644
"../../../Engine/Content/BasicShapes/Cube.uexp" 645
"D:/UEP/CashierSimulator/Content/CustomModels/ShoppingCart/CartHit_Concurrency.uasset" 646
"D:/UEP/CashierSimulator/Content/CustomModels/ShoppingCart/CartHit_Concurrency.uexp" 647
"D:/UEP/CashierSimulator/Content/CustomModels/ShoppingCart/lambert4.uasset" 648
"D:/UEP/CashierSimulator/Content/CustomModels/ShoppingCart/lambert4.uexp" 649
"D:/UEP/CashierSimulator/Content/CustomModels/ShoppingCart/phong1.uasset" 650
"D:/UEP/CashierSimulator/Content/CustomModels/ShoppingCart/phong1.uexp" 651
"D:/UEP/CashierSimulator/Content/CustomModels/ShoppingCart/phong3.uasset" 652
"D:/UEP/CashierSimulator/Content/CustomModels/ShoppingCart/phong3.uexp" 653
"D:/UEP/CashierSimulator/Content/CustomModels/ShoppingCart/phong2.uasset" 654
"D:/UEP/CashierSimulator/Content/CustomModels/ShoppingCart/phong2.uexp" 655
"D:/UEP/CashierSimulator/Content/CustomModels/ShoppingCart/cart_fbx.ubulk" 656
"D:/UEP/CashierSimulator/Content/CustomModels/ShoppingCart/cart_fbx.uasset" 657
"D:/UEP/CashierSimulator/Content/CustomModels/ShoppingCart/cart_fbx.uexp" 658
"D:/UEP/CashierSimulator/Content/Audio/cart-hit-1.ubulk" 659
"D:/UEP/CashierSimulator/Content/Audio/cart-hit-1.uasset" 660
"D:/UEP/CashierSimulator/Content/Audio/cart-hit-1.uexp" 661
"D:/UEP/CashierSimulator/Content/CustomModels/ShoppingCart/CartHit_Atten.uasset" 662
"D:/UEP/CashierSimulator/Content/CustomModels/ShoppingCart/CartHit_Atten.uexp" 663
"D:/UEP/CashierSimulator/Content/CustomModels/ShoppingCart/ShoppingCart.uasset" 664
"D:/UEP/CashierSimulator/Content/CustomModels/ShoppingCart/ShoppingCart.uexp" 665
"D:/UEP/CashierSimulator/Content/CustomModels/Shelves/shelf_red.uasset" 666
"D:/UEP/CashierSimulator/Content/CustomModels/Shelves/shelf_red.uexp" 667
"D:/UEP/CashierSimulator/Content/CustomModels/Shelves/shelf_orange.uasset" 668
"D:/UEP/CashierSimulator/Content/CustomModels/Shelves/shelf_orange.uexp" 669
"D:/UEP/CashierSimulator/Content/CustomModels/Shelves/shelf_blue.uasset" 670
"D:/UEP/CashierSimulator/Content/CustomModels/Shelves/shelf_blue.uexp" 671
"D:/UEP/CashierSimulator/Content/LevelPrototyping/storelayout.uasset" 672
"D:/UEP/CashierSimulator/Content/LevelPrototyping/storelayout.uexp" 673
"D:/UEP/CashierSimulator/Content/LevelPrototyping/storelayout_Mat.uasset" 674
"D:/UEP/CashierSimulator/Content/LevelPrototyping/storelayout_Mat.uexp" 675
"D:/UEP/CashierSimulator/Content/StarterContent/Materials/M_Basic_Wall.uasset" 676
"D:/UEP/CashierSimulator/Content/StarterContent/Materials/M_Basic_Wall.uexp" 677
"D:/UEP/CashierSimulator/Content/StarterContent/Architecture/Wall_400x200.ubulk" 678
"D:/UEP/CashierSimulator/Content/StarterContent/Architecture/Wall_400x200.uasset" 679
"D:/UEP/CashierSimulator/Content/StarterContent/Architecture/Wall_400x200.uexp" 680
"D:/UEP/CashierSimulator/Content/Audio/buzz.ubulk" 681
"D:/UEP/CashierSimulator/Content/Audio/buzz.uasset" 682
"D:/UEP/CashierSimulator/Content/Audio/buzz.uexp" 683
"D:/UEP/CashierSimulator/Content/StarterContent/Textures/T_Ceramic_Tile_M.ubulk" 684
"D:/UEP/CashierSimulator/Content/StarterContent/Textures/T_Ceramic_Tile_M.uasset" 685
"D:/UEP/CashierSimulator/Content/StarterContent/Textures/T_Ceramic_Tile_M.uexp" 686
"D:/UEP/CashierSimulator/Content/StarterContent/Textures/T_Rock_Marble_Polished_D.ubulk" 687
"D:/UEP/CashierSimulator/Content/StarterContent/Textures/T_Rock_Marble_Polished_D.uasset" 688
"D:/UEP/CashierSimulator/Content/StarterContent/Textures/T_Rock_Marble_Polished_D.uexp" 689
"D:/UEP/CashierSimulator/Content/StarterContent/Textures/T_Ceramic_Tile_N.ubulk" 690
"D:/UEP/CashierSimulator/Content/StarterContent/Textures/T_Ceramic_Tile_N.uasset" 691
"D:/UEP/CashierSimulator/Content/StarterContent/Textures/T_Ceramic_Tile_N.uexp" 692
"D:/UEP/CashierSimulator/Content/StarterContent/Textures/T_Perlin_Noise_M.ubulk" 693
"D:/UEP/CashierSimulator/Content/StarterContent/Textures/T_Perlin_Noise_M.uasset" 694
"D:/UEP/CashierSimulator/Content/StarterContent/Textures/T_Perlin_Noise_M.uexp" 695
"D:/UEP/CashierSimulator/Content/StarterContent/Materials/M_Ceramic_Tile_Checker.uasset" 696
"D:/UEP/CashierSimulator/Content/StarterContent/Materials/M_Ceramic_Tile_Checker.uexp" 697
"../../../Engine/Content/MapTemplates/SM_Template_Map_Floor.ubulk" 698
"../../../Engine/Content/MapTemplates/SM_Template_Map_Floor.uasset" 699
"../../../Engine/Content/MapTemplates/SM_Template_Map_Floor.uexp" 700
"D:/UEP/CashierSimulator/Content/CustomModels/Shelves/shelf_yellow.uasset" 701
"D:/UEP/CashierSimulator/Content/CustomModels/Shelves/shelf_yellow.uexp" 702
"D:/UEP/CashierSimulator/Content/Audio/cashier.ubulk" 703
"D:/UEP/CashierSimulator/Content/Audio/cashier.uasset" 704
"D:/UEP/CashierSimulator/Content/Audio/cashier.uexp" 705
"D:/UEP/CashierSimulator/Content/StarterContent/Materials/M_AssetPlatform.uasset" 706
"D:/UEP/CashierSimulator/Content/StarterContent/Materials/M_AssetPlatform.uexp" 707
"D:/UEP/CashierSimulator/Content/CustomModels/INDUSTRIAL_SHELVES.ubulk" 708
"D:/UEP/CashierSimulator/Content/CustomModels/INDUSTRIAL_SHELVES.uasset" 709
"D:/UEP/CashierSimulator/Content/CustomModels/INDUSTRIAL_SHELVES.uexp" 710
"D:/UEP/CashierSimulator/Content/StarterContent/Materials/M_Basic_Floor.uasset" 711
"D:/UEP/CashierSimulator/Content/StarterContent/Materials/M_Basic_Floor.uexp" 712
"D:/UEP/CashierSimulator/Content/CustomModels/Shelves/shelf_purple.uasset" 713
"D:/UEP/CashierSimulator/Content/CustomModels/Shelves/shelf_purple.uexp" 714
"D:/UEP/CashierSimulator/Content/CustomModels/Shelves/shelf_green.uasset" 715
"D:/UEP/CashierSimulator/Content/CustomModels/Shelves/shelf_green.uexp" 716
"../../../Engine/Content/BasicShapes/BasicShapeMaterial.uasset" 717
"../../../Engine/Content/BasicShapes/BasicShapeMaterial.uexp" 718
"D:/UEP/CashierSimulator/Content/CustomModels/Shelves/shelf_sepia.uasset" 719
"D:/UEP/CashierSimulator/Content/CustomModels/Shelves/shelf_sepia.uexp" 720
"D:/UEP/CashierSimulator/Content/CustomModels/Shelves/shelf_brown.uasset" 721
"D:/UEP/CashierSimulator/Content/CustomModels/Shelves/shelf_brown.uexp" 722
"D:/UEP/CashierSimulator/Content/Audio/basic_music.ubulk" 723
"D:/UEP/CashierSimulator/Content/Audio/basic_music.uasset" 724
"D:/UEP/CashierSimulator/Content/Audio/basic_music.uexp" 725
"D:/UEP/CashierSimulator/Content/CustomModels/Shelves/shelf_pink.uasset" 726
"D:/UEP/CashierSimulator/Content/CustomModels/Shelves/shelf_pink.uexp" 727
"D:/UEP/CashierSimulator/Content/CustomModels/Shelves/shelf_grey.uasset" 728
"D:/UEP/CashierSimulator/Content/CustomModels/Shelves/shelf_grey.uexp" 729
"D:/UEP/CashierSimulator/Content/Levels/Store.uexp" 730
"D:/UEP/CashierSimulator/Content/Levels/Store.umap" 731
"../../../Engine/Content/Maps/Entry_BuiltData.uasset" 732
"../../../Engine/Content/Maps/Entry_BuiltData.uexp" 733
"../../../Engine/Content/Maps/Entry.uexp" 734
"../../../Engine/Content/Maps/Entry.umap" 735
